#
# There is insufficient memory for the Java Runtime Environment to continue.
# Native memory allocation (mmap) failed to map 65011712 bytes for G1 virtual space
# Possible reasons:
#   The system is out of physical RAM or swap space
#   The process is running with CompressedOops enabled, and the Java Heap may be blocking the growth of the native heap
# Possible solutions:
#   Reduce memory load on the system
#   Increase physical memory or swap space
#   Check if swap backing store is full
#   Decrease Java heap size (-Xmx/-Xms)
#   Decrease number of Java threads
#   Decrease Java thread stack sizes (-Xss)
#   Set larger code cache with -XX:ReservedCodeCacheSize=
#   JVM is running with Unscaled Compressed Oops mode in which the Java heap is
#     placed in the first 4GB address space. The Java Heap base address is the
#     maximum limit for the native heap growth. Please use -XX:HeapBaseMinAddress
#     to set the Java Heap base and to place the Java Heap above 4GB virtual address.
# This output file may be truncated or incomplete.
#
#  Out of Memory Error (os_windows.cpp:3436), pid=13340, tid=1756
#
# JRE version:  (17.0+16) (build )
# Java VM: OpenJDK 64-Bit Server VM (17-ea+16-1315, mixed mode, sharing, tiered, compressed oops, compressed class ptrs, g1 gc, windows-amd64)
# No core dump will be written. Minidumps are not enabled by default on client versions of Windows
#

---------------  S U M M A R Y ------------

Command Line: -Dfile.encoding=UTF-8 -XX:+ShowCodeDetailsInExceptionMessages by.epam.oop.main.Main

Host: Intel(R) Core(TM) i5-3437U CPU @ 1.90GHz, 4 cores, 3G,  Windows 10 , 64 bit Build 19041 (10.0.19041.804)
Time: Tue Apr 13 23:04:17 2021 Belarus Standard Time elapsed time: 0.022807 seconds (0d 0h 0m 0s)

---------------  T H R E A D  ---------------

Current thread (0x00000258383472e0):  JavaThread "Unknown thread" [_thread_in_vm, id=1756, stack(0x000000f305000000,0x000000f305100000)]

Stack: [0x000000f305000000,0x000000f305100000]
Native frames: (J=compiled Java code, j=interpreted, Vv=VM code, C=native code)
V  [jvm.dll+0x65ff7a]
V  [jvm.dll+0x7bc7b9]
V  [jvm.dll+0x7bdf5e]
V  [jvm.dll+0x7be5b3]
V  [jvm.dll+0x23c415]
V  [jvm.dll+0x65d159]
V  [jvm.dll+0x651e02]
V  [jvm.dll+0x2f4efb]
V  [jvm.dll+0x2fbfc6]
V  [jvm.dll+0x34a6ce]
V  [jvm.dll+0x34a8ff]
V  [jvm.dll+0x2cb718]
V  [jvm.dll+0x2cc694]
V  [jvm.dll+0x78e681]
V  [jvm.dll+0x358286]
V  [jvm.dll+0x76f67c]
V  [jvm.dll+0x3dd0ff]
V  [jvm.dll+0x3deb91]
C  [jli.dll+0x51a7]
C  [ucrtbase.dll+0x21bb2]
C  [KERNEL32.DLL+0x17034]
C  [ntdll.dll+0x52651]


---------------  P R O C E S S  ---------------

Threads class SMR info:
_java_thread_list=0x00007ff87eb8b398, length=0, elements={
}

Java Threads: ( => current thread )

Other Threads:
  0x00000258383749f0 GCTaskThread "GC Thread#0" [stack: 0x000000f305100000,0x000000f305200000] [id=2524]
  0x000002583837ec10 ConcurrentGCThread "G1 Main Marker" [stack: 0x000000f305200000,0x000000f305300000] [id=11716]
  0x0000025838380d30 ConcurrentGCThread "G1 Conc#0" [stack: 0x000000f305300000,0x000000f305400000] [id=8644]

[error occurred during error reporting (printing all threads), id 0xc0000005, EXCEPTION_ACCESS_VIOLATION (0xc0000005) at pc=0x00007ff87e3ecb47]

VM state: not at safepoint (not fully initialized)

VM Mutex/Monitor currently owned by a thread:  ([mutex/lock_event])
[0x00000258383422e0] Heap_lock - owner thread: 0x00000258383472e0

Heap address: 0x00000000c2200000, size: 990 MB, Compressed Oops mode: 32-bit

CDS archive(s) mapped at: [0x0000000000000000-0x0000000000000000-0x0000000000000000), size 0, SharedBaseAddress: 0x0000000800000000, ArchiveRelocationMode: 0.
Narrow klass base: 0x0000000000000000, Narrow klass shift: 0, Narrow klass range: 0x0

GC Precious Log:
<Empty>

Heap:
 garbage-first heap   total 0K, used 0K [0x00000000c2200000, 0x0000000100000000)
  region size 1024K, 0 young (0K), 0 survivors (0K)

[error occurred during error reporting (printing heap information), id 0xc0000005, EXCEPTION_ACCESS_VIOLATION (0xc0000005) at pc=0x00007ff87e7c9bed]

GC Heap History (0 events):
No events

Deoptimization events (0 events):
No events

Classes unloaded (0 events):
No events

Classes redefined (0 events):
No events

Internal exceptions (0 events):
No events

Events (1 events):
Event: 0.010 Loaded shared library C:\Program Files\AdoptOpenJDK\jdk-17\bin\java.dll


Dynamic libraries:
0x00007ff6c0ef0000 - 0x00007ff6c0efe000 	C:\Program Files\AdoptOpenJDK\jdk-17\bin\javaw.exe
0x00007ff8af690000 - 0x00007ff8af885000 	C:\Windows\SYSTEM32\ntdll.dll
0x00007ff8ad700000 - 0x00007ff8ad7bd000 	C:\Windows\System32\KERNEL32.DLL
0x00007ff8ad110000 - 0x00007ff8ad3d9000 	C:\Windows\System32\KERNELBASE.dll
0x00007ff8aceb0000 - 0x00007ff8acfb0000 	C:\Windows\System32\ucrtbase.dll
0x00007ff8a60c0000 - 0x00007ff8a60d8000 	C:\Program Files\AdoptOpenJDK\jdk-17\bin\jli.dll
0x00007ff8af2e0000 - 0x00007ff8af480000 	C:\Windows\System32\USER32.dll
0x00007ff8acdd0000 - 0x00007ff8acdf2000 	C:\Windows\System32\win32u.dll
0x00007ff8ad8b0000 - 0x00007ff8ad8da000 	C:\Windows\System32\GDI32.dll
0x00007ff8ad5e0000 - 0x00007ff8ad6eb000 	C:\Windows\System32\gdi32full.dll
0x00007ff8ad4c0000 - 0x00007ff8ad55d000 	C:\Windows\System32\msvcp_win.dll
0x00007ff8a49c0000 - 0x00007ff8a49d9000 	C:\Program Files\AdoptOpenJDK\jdk-17\bin\VCRUNTIME140.dll
0x00007ff8947d0000 - 0x00007ff894a6a000 	C:\Windows\WinSxS\amd64_microsoft.windows.common-controls_6595b64144ccf1df_6.0.19041.844_none_ca00b6081b84eb1d\COMCTL32.dll
0x00007ff8af4d0000 - 0x00007ff8af56e000 	C:\Windows\System32\msvcrt.dll
0x00007ff8af4a0000 - 0x00007ff8af4d0000 	C:\Windows\System32\IMM32.DLL
0x00007ff8a8550000 - 0x00007ff8a855c000 	C:\Program Files\AdoptOpenJDK\jdk-17\bin\vcruntime140_1.dll
0x00007ff89dad0000 - 0x00007ff89db61000 	C:\Program Files\AdoptOpenJDK\jdk-17\bin\msvcp140.dll
0x00007ff87e110000 - 0x00007ff87ecaf000 	C:\Program Files\AdoptOpenJDK\jdk-17\bin\server\jvm.dll
0x00007ff8ae950000 - 0x00007ff8ae9fc000 	C:\Windows\System32\ADVAPI32.dll
0x00007ff8ad8e0000 - 0x00007ff8ad97c000 	C:\Windows\System32\sechost.dll
0x00007ff8aeda0000 - 0x00007ff8aeecb000 	C:\Windows\System32\RPCRT4.dll
0x00007ff8aea00000 - 0x00007ff8aea08000 	C:\Windows\System32\PSAPI.DLL
0x00007ff8a57b0000 - 0x00007ff8a57d7000 	C:\Windows\SYSTEM32\WINMM.dll
0x00007ff8aa0f0000 - 0x00007ff8aa0f9000 	C:\Windows\SYSTEM32\WSOCK32.dll
0x00007ff8ae8d0000 - 0x00007ff8ae93b000 	C:\Windows\System32\WS2_32.dll
0x00007ff89b2b0000 - 0x00007ff89b2ba000 	C:\Windows\SYSTEM32\VERSION.dll
0x00007ff8ab6b0000 - 0x00007ff8ab6c2000 	C:\Windows\SYSTEM32\kernel.appcore.dll
0x00007ff8a7890000 - 0x00007ff8a789a000 	C:\Program Files\AdoptOpenJDK\jdk-17\bin\jimage.dll
0x00007ff8a3010000 - 0x00007ff8a31f4000 	C:\Windows\SYSTEM32\DBGHELP.DLL
0x00007ff8a2cc0000 - 0x00007ff8a2cec000 	C:\Windows\SYSTEM32\dbgcore.DLL
0x00007ff8ad560000 - 0x00007ff8ad5e0000 	C:\Windows\System32\bcryptPrimitives.dll
0x00007ff89e800000 - 0x00007ff89e825000 	C:\Program Files\AdoptOpenJDK\jdk-17\bin\java.dll

dbghelp: loaded successfully - version: 4.0.5 - missing functions: none
symbol engine: initialized successfully - sym options: 0x614 - pdb path: .;C:\Program Files\AdoptOpenJDK\jdk-17\bin;C:\Windows\SYSTEM32;C:\Windows\WinSxS\amd64_microsoft.windows.common-controls_6595b64144ccf1df_6.0.19041.844_none_ca00b6081b84eb1d;C:\Program Files\AdoptOpenJDK\jdk-17\bin\server

VM Arguments:
jvm_args: -Dfile.encoding=UTF-8 -XX:+ShowCodeDetailsInExceptionMessages 
java_command: by.epam.oop.main.Main
java_class_path (initial): C:\Users\Dmitry Gurinovich\git\5_Basics_of_OOP\Task4\target\classes
Launcher Type: SUN_STANDARD

[Global flags]
     intx CICompilerCount                          = 3                                         {product} {ergonomic}
     uint ConcGCThreads                            = 1                                         {product} {ergonomic}
     uint G1ConcRefinementThreads                  = 4                                         {product} {ergonomic}
   size_t G1HeapRegionSize                         = 1048576                                   {product} {ergonomic}
    uintx GCDrainStackTargetSize                   = 64                                        {product} {ergonomic}
   size_t InitialHeapSize                          = 65011712                                  {product} {ergonomic}
   size_t MarkStackSize                            = 4194304                                   {product} {ergonomic}
   size_t MaxHeapSize                              = 1038090240                                {product} {ergonomic}
   size_t MinHeapDeltaBytes                        = 1048576                                   {product} {ergonomic}
   size_t MinHeapSize                              = 8388608                                   {product} {ergonomic}
    uintx NonNMethodCodeHeapSize                   = 5832780                                {pd product} {ergonomic}
    uintx NonProfiledCodeHeapSize                  = 122912730                              {pd product} {ergonomic}
    uintx ProfiledCodeHeapSize                     = 122912730                              {pd product} {ergonomic}
    uintx ReservedCodeCacheSize                    = 251658240                              {pd product} {ergonomic}
     bool SegmentedCodeCache                       = true                                      {product} {ergonomic}
     bool ShowCodeDetailsInExceptionMessages       = true                                   {manageable} {command line}
   size_t SoftMaxHeapSize                          = 1038090240                             {manageable} {ergonomic}
     bool UseCompressedClassPointers               = true                           {product lp64_product} {ergonomic}
     bool UseCompressedOops                        = true                           {product lp64_product} {ergonomic}
     bool UseG1GC                                  = true                                      {product} {ergonomic}
     bool UseLargePagesIndividualAllocation        = false                                  {pd product} {ergonomic}

Logging:
Log output configuration:
 #0: stdout all=warning uptime,level,tags
 #1: stderr all=off uptime,level,tags

Environment Variables:
JAVA_HOME=C:\Program Files\AdoptOpenJDK\jdk-14.0.2.12-hotspot\
PATH=C:/Program Files/AdoptOpenJDK/jdk-14.0.2.12-hotspot/bin/client;C:/Program Files/AdoptOpenJDK/jdk-14.0.2.12-hotspot/bin;C:\Program Files\AdoptOpenJDK\jdk-14.0.2.12-hotspot\bin;C:\Windows\system32;C:\Windows;C:\Windows\System32\Wbem;C:\Windows\System32\WindowsPowerShell\v1.0\;C:\Windows\System32\OpenSSH\;C:\Program Files\Git\cmd;C:\Users\Dmitry Gurinovich\AppData\Local\Microsoft\WindowsApps;C:\Users\Dmitry Gurinovich\AppData\Local\GitHubDesktop\bin;C:\Users\Dmitry Gurinovich\AppData\Local\Programs\Microsoft VS Code\bin;C:\Program Files\JetBrains\IntelliJ IDEA Community Edition 2020.2.4\bin;;C:\Users\Dmitry Gurinovich\eclipse\java-2020-09\eclipse;
USERNAME=Dmitry Gurinovich
OS=Windows_NT
PROCESSOR_IDENTIFIER=Intel64 Family 6 Model 58 Stepping 9, GenuineIntel



---------------  S Y S T E M  ---------------

OS:
 Windows 10 , 64 bit Build 19041 (10.0.19041.804)
OS uptime: 21 days 11:01 hours

CPU: total 4 (initial active 4) (2 cores per cpu, 2 threads per core) family 6 model 58 stepping 9 microcode 0x21, cx8, cmov, fxsr, ht, mmx, sse, sse2, sse3, ssse3, sse4.1, sse4.2, popcnt, tsc, tscinvbit, avx, aes, erms, clmul, vzeroupper, clflush

Memory: 4k page, system-wide physical 3959M (343M free)
TotalPageFile size 11389M (AvailPageFile size 32M)
current process WorkingSet (physical memory assigned to process): 9M, peak: 9M
current process commit charge ("private bytes"): 51M, peak: 113M

vm_info: OpenJDK 64-Bit Server VM (17-ea+16-1315) for windows-amd64 JRE (17-ea+16-1315), built on Mar 31 2021 14:00:13 by "mach5one" with MS VC++ 16.7 (VS2019)

END.
